Traceback (most recent call last):
  File "/home/huntemann/.pyenv/versions/atbd-template/lib/python3.11/site-packages/jupyter_cache/executors/utils.py", line 51, in single_nb_execution
    executenb(
  File "/home/huntemann/.pyenv/versions/atbd-template/lib/python3.11/site-packages/nbclient/client.py", line 1204, in execute
    return NotebookClient(nb=nb, resources=resources, km=km, **kwargs).execute()
           ^^^^^^^^^^^^^^^^^^^^^^^^^^^^^^^^^^^^^^^^^^^^^^^^^^^^^^^^^^^^^^^^^^^^^
  File "/home/huntemann/.pyenv/versions/atbd-template/lib/python3.11/site-packages/nbclient/util.py", line 84, in wrapped
    return just_run(coro(*args, **kwargs))
           ^^^^^^^^^^^^^^^^^^^^^^^^^^^^^^^
  File "/home/huntemann/.pyenv/versions/atbd-template/lib/python3.11/site-packages/nbclient/util.py", line 62, in just_run
    return loop.run_until_complete(coro)
           ^^^^^^^^^^^^^^^^^^^^^^^^^^^^^
  File "/home/huntemann/.pyenv/versions/3.11.1/lib/python3.11/asyncio/base_events.py", line 653, in run_until_complete
    return future.result()
           ^^^^^^^^^^^^^^^
  File "/home/huntemann/.pyenv/versions/3.11.1/lib/python3.11/contextlib.py", line 222, in __aexit__
    await self.gen.athrow(typ, value, traceback)
  File "/home/huntemann/.pyenv/versions/atbd-template/lib/python3.11/site-packages/nbclient/client.py", line 608, in async_setup_kernel
    yield
  File "/home/huntemann/.pyenv/versions/atbd-template/lib/python3.11/site-packages/nbclient/client.py", line 663, in async_execute
    await self.async_execute_cell(
  File "/home/huntemann/.pyenv/versions/atbd-template/lib/python3.11/site-packages/nbclient/client.py", line 965, in async_execute_cell
    await self._check_raise_for_error(cell, cell_index, exec_reply)
  File "/home/huntemann/.pyenv/versions/atbd-template/lib/python3.11/site-packages/nbclient/client.py", line 862, in _check_raise_for_error
    raise CellExecutionError.from_cell_and_msg(cell, exec_reply_content)
nbclient.exceptions.CellExecutionError: An error occurred while executing the following cell:
------------------
fig,axs=plt.subplots(nrows=7,ncols=2,figsize=(12,10))
#scatter(fulltable[!,:SIT],fulltable[!,"10.7H"])
channels=["6.9V","6.9H","10.7V","10.7H","18.7V","18.7H","23.8V","23.8H","36.5V","36.5H","89.0V","89.0H"]
owtp=[157.9397756705356
  74.22054192317813
 163.4896743050617
  78.40477088765373
 175.18191921420814
  90.60124656474672
 185.91398347505353
  99.89685544430296
 206.667948239106
 128.36037504633393
 242.01900700540162
 175.158277073163]
for i=1:12
    nanidx=.!isnan.(fulltable[!,channels[i]])
    axs.flat[i-1].scatter(fulltable[nanidx,:newSIT],fulltable[nanidx,channels[i]],c=fulltable[nanidx,:strd],cmap="viridis")
    cf(x,pp)=ff([owtp[i],pp[1],pp[2]]).(x)
    hp=curve_fit(cf,fulltable[nanidx,:newSIT],fulltable[nanidx,channels[i]],[200,2.0]).param
    hp=[owtp[i],hp...]
    #println(hp[3])
    #axs[p].scatter(fulltable[!,:newSIT].* 100,fulltable[!,channels[i]])
    xx=collect(0:1:150)
    axs.flat[i-1].plot(xx,ff(hp).(xx),color="red")
    #plt.colorbar(axs.flat[i])
end
gcf()
------------------

MethodError: no method matching isnan(::String7)
[0mClosest candidates are:
[0m  isnan([91m::Complex[39m) at complex.jl:147
[0m  isnan([91m::DualNumbers.Dual[39m) at ~/.julia/packages/DualNumbers/5knFX/src/dual.jl:52
[0m  isnan([91m::ForwardDiff.Dual[39m) at ~/.julia/packages/ForwardDiff/QdStj/src/dual.jl:386
[0m  ...

Stacktrace:
 [1] _broadcast_getindex_evalf
   @ ./broadcast.jl:670 [inlined]
 [2] _broadcast_getindex
   @ ./broadcast.jl:643 [inlined]
 [3] _getindex
   @ ./broadcast.jl:667 [inlined]
 [4] _broadcast_getindex
   @ ./broadcast.jl:642 [inlined]
 [5] getindex
   @ ./broadcast.jl:597 [inlined]
 [6] copyto_nonleaf!(dest::BitVector, bc::Base.Broadcast.Broadcasted{Base.Broadcast.DefaultArrayStyle{1}, Tuple{Base.OneTo{Int64}}, typeof(!), Tuple{Base.Broadcast.Broadcasted{Base.Broadcast.DefaultArrayStyle{1}, Nothing, typeof(isnan), Tuple{Base.Broadcast.Extruded{Vector{Any}, Tuple{Bool}, Tuple{Int64}}}}}}, iter::Base.OneTo{Int64}, state::Int64, count::Int64)
   @ Base.Broadcast ./broadcast.jl:1055
 [7] copy
   @ ./broadcast.jl:907 [inlined]
 [8] materialize(bc::Base.Broadcast.Broadcasted{Base.Broadcast.DefaultArrayStyle{1}, Nothing, typeof(!), Tuple{Base.Broadcast.Broadcasted{Base.Broadcast.DefaultArrayStyle{1}, Nothing, typeof(isnan), Tuple{Vector{Any}}}}})
   @ Base.Broadcast ./broadcast.jl:860
 [9] top-level scope
   @ In[10]:17
LoadError: MethodError: no method matching isnan(::String7)
[0mClosest candidates are:
[0m  isnan([91m::Complex[39m) at complex.jl:147
[0m  isnan([91m::DualNumbers.Dual[39m) at ~/.julia/packages/DualNumbers/5knFX/src/dual.jl:52
[0m  isnan([91m::ForwardDiff.Dual[39m) at ~/.julia/packages/ForwardDiff/QdStj/src/dual.jl:386
[0m  ...

